==350== Memcheck, a memory error detector
==350== Copyright (C) 2002-2015, and GNU GPL'd, by Julian Seward et al.
==350== Using Valgrind-3.11.0 and LibVEX; rerun with -h for copyright info
==350== Command: ./assignment4
==350== Parent PID: 30072
==350== 
==350== 
==350== HEAP SUMMARY:
==350==     in use at exit: 73,136 bytes in 12 blocks
==350==   total heap usage: 16 allocs, 4 frees, 75,233 bytes allocated
==350== 
==350== LEAK SUMMARY:
==350==    definitely lost: 176 bytes in 3 blocks
==350==    indirectly lost: 256 bytes in 8 blocks
==350==      possibly lost: 0 bytes in 0 blocks
==350==    still reachable: 72,704 bytes in 1 blocks
==350==         suppressed: 0 bytes in 0 blocks
==350== Rerun with --leak-check=full to see details of leaked memory
==350== 
==350== For counts of detected and suppressed errors, rerun with: -v
==350== ERROR SUMMARY: 0 errors from 0 contexts (suppressed: 0 from 0)
